######################################################
#               CLUSTER INFORMATION                  #
######################################################
# OS: CentOS release 6.8 (Final)
# ARCH: x86_64
# KERNEL: 2.6.32-358.el6.x86_64
# MEMORY: 1.83 GB
# TOTAL YARN NODES: 1
# HADOOP_VERSION: Hadoop 2.7.1.2.4.2.0-258
# HADOOP_CONF_DIR: /usr/hdp/2.4.2.0-258/hadoop/conf
# HADOOP_MAPRED_HOME: /usr/hdp/2.4.2.0-258/hadoop-mapreduce
# BASH_VERSION: 4.1.2(1)-release
# JAVA_HOME: /usr/lib/jvm/java
# JAVA_VERSION: 
######################################################
#                 STARTING ITEST                     #
######################################################
# Use --debug/--info/--stacktrace for more details
Now testing...
Now testing...
######################################################
#                     RESULTS                        #
######################################################
~/git/bigtop ~/git/bigtop
/home/vagrant/git/bigtop/bigtop-tests/smoke-tests/hdfs/build
## bigtop-tests/smoke-tests/hdfs/build/reports/tests/classes/org.apache.bigtop.itest.hadoop.hdfs.TestFsck.html
               Class org.apache.bigtop.itest.hadoop.hdfs.TestFsck

   [1]all > [2]org.apache.bigtop.itest.hadoop.hdfs > TestFsck

   1     0        0       28.459s  100%

   tests failures ignored duration successful

     * [3]Tests

Tests

       Test      Duration Result
   testFsckBasic 28.459s  passed

   Wrap lines [4][ ]
   Generated by [5]Gradle 2.7 at Jun 10, 2016 5:48:45 PM

References

   Visible links
   1. file:///home/vagrant/git/bigtop/bigtop-tests/smoke-tests/hdfs/build/reports/tests/index.html
   2. file:///home/vagrant/git/bigtop/bigtop-tests/smoke-tests/hdfs/build/reports/tests/packages/org.apache.bigtop.itest.hadoop.hdfs.html
   3. file:///home/vagrant/git/bigtop/bigtop-tests/smoke-tests/hdfs/build/reports/tests/classes/org.apache.bigtop.itest.hadoop.hdfs.TestFsck.html#tab0
   5. http://www.gradle.org/

## bigtop-tests/smoke-tests/hdfs/build/reports/tests/classes/org.apache.bigtop.itest.hadoop.hdfs.TestDistCpIntra.html
           Class org.apache.bigtop.itest.hadoop.hdfs.TestDistCpIntra

   [1]all > [2]org.apache.bigtop.itest.hadoop.hdfs > TestDistCpIntra

   2     0        0       2m8.54s  100%

   tests failures ignored duration successful

     * [3]Tests
     * [4]Standard output

Tests

                Test               Duration Result
   testDistcpIntra                 50.149s  passed
   testDistcpIntra_MultipleSources 1m18.39s passed

Standard output

 Running Distcp:

   Wrap lines [5][ ]
   Generated by [6]Gradle 2.7 at Jun 10, 2016 5:48:45 PM

References

   Visible links
   1. file:///home/vagrant/git/bigtop/bigtop-tests/smoke-tests/hdfs/build/reports/tests/index.html
   2. file:///home/vagrant/git/bigtop/bigtop-tests/smoke-tests/hdfs/build/reports/tests/packages/org.apache.bigtop.itest.hadoop.hdfs.html
   3. file:///home/vagrant/git/bigtop/bigtop-tests/smoke-tests/hdfs/build/reports/tests/classes/org.apache.bigtop.itest.hadoop.hdfs.TestDistCpIntra.html#tab0
   4. file:///home/vagrant/git/bigtop/bigtop-tests/smoke-tests/hdfs/build/reports/tests/classes/org.apache.bigtop.itest.hadoop.hdfs.TestDistCpIntra.html#tab1
   6. http://www.gradle.org/

## bigtop-tests/smoke-tests/hdfs/build/reports/tests/classes/org.apache.bigtop.itest.hadoop.hdfs.TestFileAppend.html
            Class org.apache.bigtop.itest.hadoop.hdfs.TestFileAppend

   [1]all > [2]org.apache.bigtop.itest.hadoop.hdfs > TestFileAppend

   5     0        0       31.718s  100%

   tests failures ignored duration successful

     * [3]Tests
     * [4]Standard output
     * [5]Standard error

Tests

                  Test                 Duration Result
   testAppendFilesGreaterThanBlockSize 7.655s   passed
   testAppendOnCreatedFile             3.149s   passed
   testAppendOnPreExistingFile         3.082s   passed
   testFsckSanity                      11.137s  passed
   testMultipleOutputStreamFailure     6.695s   passed

Standard output

 Running File Append Test:

Standard error

 16/06/10 17:41:12 WARN util.NativeCodeLoader: Unable to load native-hadoop library for your platform... using builtin-java classes where applicable
 16/06/10 17:41:13 WARN shortcircuit.DomainSocketFactory: The short-circuit local reads feature cannot be used because libhadoop cannot be loaded.

   Wrap lines [6][ ]
   Generated by [7]Gradle 2.7 at Jun 10, 2016 5:48:45 PM

References

   Visible links
   1. file:///home/vagrant/git/bigtop/bigtop-tests/smoke-tests/hdfs/build/reports/tests/index.html
   2. file:///home/vagrant/git/bigtop/bigtop-tests/smoke-tests/hdfs/build/reports/tests/packages/org.apache.bigtop.itest.hadoop.hdfs.html
   3. file:///home/vagrant/git/bigtop/bigtop-tests/smoke-tests/hdfs/build/reports/tests/classes/org.apache.bigtop.itest.hadoop.hdfs.TestFileAppend.html#tab0
   4. file:///home/vagrant/git/bigtop/bigtop-tests/smoke-tests/hdfs/build/reports/tests/classes/org.apache.bigtop.itest.hadoop.hdfs.TestFileAppend.html#tab1
   5. file:///home/vagrant/git/bigtop/bigtop-tests/smoke-tests/hdfs/build/reports/tests/classes/org.apache.bigtop.itest.hadoop.hdfs.TestFileAppend.html#tab2
   7. http://www.gradle.org/

## bigtop-tests/smoke-tests/hdfs/build/reports/tests/classes/org.apache.bigtop.itest.hadoop.hdfs.TestHDFSCLI.html
             Class org.apache.bigtop.itest.hadoop.hdfs.TestHDFSCLI

   [1]all > [2]org.apache.bigtop.itest.hadoop.hdfs > TestHDFSCLI

   1     1        0       6.813s   0%

   tests failures ignored duration successful

     * [3]Failed tests
     * [4]Tests
     * [5]Standard error

Failed tests

  testAll

 java.lang.AssertionError: One of the tests failed. See the Detailed results to identify the command that failed
         at org.junit.Assert.fail(Assert.java:88)
         at org.junit.Assert.assertTrue(Assert.java:41)
         at org.apache.hadoop.cli.CLITestHelper.displayResults(CLITestHelper.java:263)
         at org.apache.hadoop.cli.CLITestHelper.tearDown(CLITestHelper.java:125)
         at org.apache.bigtop.itest.hadoop.hcfs.TestCLI.tearDown(TestCLI.java:109)
         at sun.reflect.NativeMethodAccessorImpl.invoke0(Native Method)
         at sun.reflect.NativeMethodAccessorImpl.invoke(NativeMethodAccessorImpl.java:57)
         at sun.reflect.DelegatingMethodAccessorImpl.invoke(DelegatingMethodAccessorImpl.java:43)
         at java.lang.reflect.Method.invoke(Method.java:606)
         at org.junit.runners.model.FrameworkMethod$1.runReflectiveCall(FrameworkMethod.java:47)
         at org.junit.internal.runners.model.ReflectiveCallable.run(ReflectiveCallable.java:12)
         at org.junit.runners.model.FrameworkMethod.invokeExplosively(FrameworkMethod.java:44)
         at org.junit.internal.runners.statements.RunAfters.evaluate(RunAfters.java:33)
         at org.junit.runners.ParentRunner.runLeaf(ParentRunner.java:271)
         at org.junit.runners.BlockJUnit4ClassRunner.runChild(BlockJUnit4ClassRunner.java:70)
         at org.junit.runners.BlockJUnit4ClassRunner.runChild(BlockJUnit4ClassRunner.java:50)
         at org.junit.runners.ParentRunner$3.run(ParentRunner.java:238)
         at org.junit.runners.ParentRunner$1.schedule(ParentRunner.java:63)
         at org.junit.runners.ParentRunner.runChildren(ParentRunner.java:236)
         at org.junit.runners.ParentRunner.access$000(ParentRunner.java:53)
         at org.junit.runners.ParentRunner$2.evaluate(ParentRunner.java:229)
         at org.junit.runners.ParentRunner.run(ParentRunner.java:309)
         at org.gradle.api.internal.tasks.testing.junit.JUnitTestClassExecuter.runTestClass(JUnitTestClassExecuter.java:105)
         at org.gradle.api.internal.tasks.testing.junit.JUnitTestClassExecuter.execute(JUnitTestClassExecuter.java:56)
         at org.gradle.api.internal.tasks.testing.junit.JUnitTestClassProcessor.processTestClass(JUnitTestClassProcessor.java:64)
         at org.gradle.api.internal.tasks.testing.SuiteTestClassProcessor.processTestClass(SuiteTestClassProcessor.java:50)
         at sun.reflect.NativeMethodAccessorImpl.invoke0(Native Method)
         at sun.reflect.NativeMethodAccessorImpl.invoke(NativeMethodAccessorImpl.java:57)
         at sun.reflect.DelegatingMethodAccessorImpl.invoke(DelegatingMethodAccessorImpl.java:43)
         at java.lang.reflect.Method.invoke(Method.java:606)
         at org.gradle.messaging.dispatch.ReflectionDispatch.dispatch(ReflectionDispatch.java:35)
         at org.gradle.messaging.dispatch.ReflectionDispatch.dispatch(ReflectionDispatch.java:24)
         at org.gradle.messaging.dispatch.ContextClassLoaderDispatch.dispatch(ContextClassLoaderDispatch.java:32)
         at org.gradle.messaging.dispatch.ProxyDispatchAdapter$DispatchingInvocationHandler.invoke(ProxyDispatchAdapter.java:93)
         at com.sun.proxy.$Proxy2.processTestClass(Unknown Source)
         at org.gradle.api.internal.tasks.testing.worker.TestWorker.processTestClass(TestWorker.java:106)
         at sun.reflect.NativeMethodAccessorImpl.invoke0(Native Method)
         at sun.reflect.NativeMethodAccessorImpl.invoke(NativeMethodAccessorImpl.java:57)
         at sun.reflect.DelegatingMethodAccessorImpl.invoke(DelegatingMethodAccessorImpl.java:43)
         at java.lang.reflect.Method.invoke(Method.java:606)
         at org.gradle.messaging.dispatch.ReflectionDispatch.dispatch(ReflectionDispatch.java:35)
         at org.gradle.messaging.dispatch.ReflectionDispatch.dispatch(ReflectionDispatch.java:24)
         at org.gradle.messaging.remote.internal.hub.MessageHub$Handler.run(MessageHub.java:360)
         at org.gradle.internal.concurrent.ExecutorPolicy$CatchAndRecordFailures.onExecute(ExecutorPolicy.java:54)
         at org.gradle.internal.concurrent.StoppableExecutorImpl$1.run(StoppableExecutorImpl.java:40)
         at java.util.concurrent.ThreadPoolExecutor.runWorker(ThreadPoolExecutor.java:1145)
         at java.util.concurrent.ThreadPoolExecutor$Worker.run(ThreadPoolExecutor.java:615)
         at java.lang.Thread.run(Thread.java:745)

Tests

    Test   Duration Result
   testAll 6.813s   failed

Standard error

 16/06/10 17:47:58 INFO cli.CLITestHelper: TestAll
 16/06/10 17:47:59 INFO fs.TrashPolicyDefault: Namenode trash configuration: Deletion interval = 0 minutes, Emptier interval = 0 minutes.
 16/06/10 17:47:59 INFO fs.TrashPolicyDefault: Namenode trash configuration: Deletion interval = 0 minutes, Emptier interval = 0 minutes.
 16/06/10 17:47:59 INFO fs.TrashPolicyDefault: Namenode trash configuration: Deletion interval = 0 minutes, Emptier interval = 0 minutes.
 16/06/10 17:47:59 INFO fs.TrashPolicyDefault: Namenode trash configuration: Deletion interval = 0 minutes, Emptier interval = 0 minutes.
 16/06/10 17:47:59 INFO fs.TrashPolicyDefault: Namenode trash configuration: Deletion interval = 0 minutes, Emptier interval = 0 minutes.
 16/06/10 17:47:59 INFO fs.TrashPolicyDefault: Namenode trash configuration: Deletion interval = 0 minutes, Emptier interval = 0 minutes.
 16/06/10 17:47:59 INFO fs.TrashPolicyDefault: Namenode trash configuration: Deletion interval = 0 minutes, Emptier interval = 0 minutes.
 16/06/10 17:47:59 INFO fs.TrashPolicyDefault: Namenode trash configuration: Deletion interval = 0 minutes, Emptier interval = 0 minutes.
 16/06/10 17:47:59 INFO fs.TrashPolicyDefault: Namenode trash configuration: Deletion interval = 0 minutes, Emptier interval = 0 minutes.
 16/06/10 17:47:59 INFO fs.TrashPolicyDefault: Namenode trash configuration: Deletion interval = 0 minutes, Emptier interval = 0 minutes.
 16/06/10 17:47:59 INFO fs.TrashPolicyDefault: Namenode trash configuration: Deletion interval = 0 minutes, Emptier interval = 0 minutes.
 16/06/10 17:47:59 INFO fs.TrashPolicyDefault: Namenode trash configuration: Deletion interval = 0 minutes, Emptier interval = 0 minutes.
 16/06/10 17:47:59 INFO fs.TrashPolicyDefault: Namenode trash configuration: Deletion interval = 0 minutes, Emptier interval = 0 minutes.
 16/06/10 17:47:59 INFO fs.TrashPolicyDefault: Namenode trash configuration: Deletion interval = 0 minutes, Emptier interval = 0 minutes.
 16/06/10 17:47:59 INFO fs.TrashPolicyDefault: Namenode trash configuration: Deletion interval = 0 minutes, Emptier interval = 0 minutes.
 16/06/10 17:47:59 INFO fs.TrashPolicyDefault: Namenode trash configuration: Deletion interval = 0 minutes, Emptier interval = 0 minutes.
 16/06/10 17:47:59 INFO cli.CLITestHelper: Detailed results:
 16/06/10 17:47:59 INFO cli.CLITestHelper: ----------------------------------

 16/06/10 17:47:59 INFO cli.CLITestHelper: -------------------------------------------
 16/06/10 17:47:59 INFO cli.CLITestHelper:                     Test ID: [11]
 16/06/10 17:47:59 INFO cli.CLITestHelper:            Test Description: [text]
 16/06/10 17:47:59 INFO cli.CLITestHelper:
 16/06/10 17:47:59 INFO cli.CLITestHelper:               Test Commands: [-fs hdfs://nn.example.com:8020 -mkdir -p /user/vagrant/dir1]
 16/06/10 17:47:59 INFO cli.CLITestHelper:               Test Commands: [-fs hdfs://nn.example.com:8020 -put file:/home/vagrant/git/bigtop/bigtop-tests/smoke-tests/hdfs/build/resources/test/clitest_data//data15bytes /user/vagrant/dir1/file0]
 16/06/10 17:47:59 INFO cli.CLITestHelper:               Test Commands: [-fs hdfs://nn.example.com:8020 -text /user/vagrant/dir1/file0]
 16/06/10 17:47:59 INFO cli.CLITestHelper:
 16/06/10 17:47:59 INFO cli.CLITestHelper:            Cleanup Commands: [-fs hdfs://nn.example.com:8020 -rm -r /user/vagrant/dir1]
 16/06/10 17:47:59 INFO cli.CLITestHelper:
 16/06/10 17:47:59 INFO cli.CLITestHelper:                  Comparator: [RegexpComparator]
 16/06/10 17:47:59 INFO cli.CLITestHelper:          Comparision result:   [fail]
 16/06/10 17:47:59 INFO cli.CLITestHelper:             Expected output:   [12345678901234]
 16/06/10 17:47:59 INFO cli.CLITestHelper:               Actual output:   [-text: Compression codec com.hadoop.compression.lzo.LzoCodec not found.
 Usage: hadoop fs [generic options] -text [-ignoreCrc] <src> ...
 ]
 16/06/10 17:47:59 INFO cli.CLITestHelper:
 16/06/10 17:47:59 INFO cli.CLITestHelper: -------------------------------------------
 16/06/10 17:47:59 INFO cli.CLITestHelper:                     Test ID: [13]
 16/06/10 17:47:59 INFO cli.CLITestHelper:            Test Description: [rmdir with ignore-fail-on-non-empty]
 16/06/10 17:47:59 INFO cli.CLITestHelper:
 16/06/10 17:47:59 INFO cli.CLITestHelper:               Test Commands: [-fs hdfs://nn.example.com:8020 -mkdir -p /user/vagrant/dir1/dir2]
 16/06/10 17:47:59 INFO cli.CLITestHelper:               Test Commands: [-fs hdfs://nn.example.com:8020 -put file:/home/vagrant/git/bigtop/bigtop-tests/smoke-tests/hdfs/build/resources/test/clitest_data//data15bytes /user/vagrant/dir1/dir2/file0]
 16/06/10 17:47:59 INFO cli.CLITestHelper:               Test Commands: [-fs hdfs://nn.example.com:8020 -rmdir --ignore-fail-on-non-empty /user/vagrant/dir1/dir2]
 16/06/10 17:47:59 INFO cli.CLITestHelper:               Test Commands: [-fs hdfs://nn.example.com:8020 -ls /user/vagrant/dir1]
 16/06/10 17:47:59 INFO cli.CLITestHelper:
 16/06/10 17:47:59 INFO cli.CLITestHelper:            Cleanup Commands: [-fs hdfs://nn.example.com:8020 -rm -r /user/vagrant/dir1]
 16/06/10 17:47:59 INFO cli.CLITestHelper:
 16/06/10 17:47:59 INFO cli.CLITestHelper:                  Comparator: [RegexpComparator]
 16/06/10 17:47:59 INFO cli.CLITestHelper:          Comparision result:   [pass]
 16/06/10 17:47:59 INFO cli.CLITestHelper:             Expected output:   [Found 1 items]
 16/06/10 17:47:59 INFO cli.CLITestHelper:               Actual output:   [Found 1 items
 drwxr-xr-x   - vagrant vagrant          0 2016-06-10 17:47 /user/vagrant/dir1/dir2
 ]
 16/06/10 17:47:59 INFO cli.CLITestHelper:                  Comparator: [RegexpComparator]
 16/06/10 17:47:59 INFO cli.CLITestHelper:          Comparision result:   [fail]
 16/06/10 17:47:59 INFO cli.CLITestHelper:             Expected output:   [^drwxr-xr-x( )*-( )*vagrant( )*hdfs( )*0( )*[0-9]{4,}-[0-9]{2,}-[0-9]{2,} [0-9]{2,}:[0-9]{2,}( )*/user/vagrant/dir1/dir2]
 16/06/10 17:47:59 INFO cli.CLITestHelper:               Actual output:   [Found 1 items
 drwxr-xr-x   - vagrant vagrant          0 2016-06-10 17:47 /user/vagrant/dir1/dir2
 ]
 16/06/10 17:47:59 INFO cli.CLITestHelper:
 16/06/10 17:47:59 INFO cli.CLITestHelper: Summary results:
 16/06/10 17:47:59 INFO cli.CLITestHelper: ----------------------------------

 16/06/10 17:47:59 INFO cli.CLITestHelper:                Testing mode: test
 16/06/10 17:47:59 INFO cli.CLITestHelper:
 16/06/10 17:47:59 INFO cli.CLITestHelper:              Overall result: --- FAIL ---
 16/06/10 17:47:59 INFO cli.CLITestHelper:                # Tests pass: 14 (87%)
 16/06/10 17:47:59 INFO cli.CLITestHelper:                # Tests fail: 2 (12%)
 16/06/10 17:47:59 INFO cli.CLITestHelper:          # Validations done: 36 (each test may do multiple validations)
 16/06/10 17:47:59 INFO cli.CLITestHelper:
 16/06/10 17:47:59 INFO cli.CLITestHelper: Failing tests:
 16/06/10 17:47:59 INFO cli.CLITestHelper: --------------
 16/06/10 17:47:59 INFO cli.CLITestHelper: 11: text
 16/06/10 17:47:59 INFO cli.CLITestHelper: 13: rmdir with ignore-fail-on-non-empty
 16/06/10 17:47:59 INFO cli.CLITestHelper:
 16/06/10 17:47:59 INFO cli.CLITestHelper: Passing tests:
 16/06/10 17:47:59 INFO cli.CLITestHelper: --------------
 16/06/10 17:47:59 INFO cli.CLITestHelper: 1: checksum: checksum of files(relative path) using globbing
 16/06/10 17:47:59 INFO cli.CLITestHelper: 2: stat: statistics about directory(absolute path)
 16/06/10 17:47:59 INFO cli.CLITestHelper: 3: stat: statistics about directory(relative path)
 16/06/10 17:47:59 INFO cli.CLITestHelper: 4: stat: statistics about files (absolute path) using globbing
 16/06/10 17:47:59 INFO cli.CLITestHelper: 5: stat: statistics about files (relative path) using globbing
 16/06/10 17:47:59 INFO cli.CLITestHelper: 6: stat: Test for HCFS_SCHEME// path - statistics about directory
 16/06/10 17:47:59 INFO cli.CLITestHelper: 7: stat: Test for HCFS_SCHEME// path - statistics about files using globbing
 16/06/10 17:47:59 INFO cli.CLITestHelper: 8: stat: Test for Namenode's path - statistics about directory
 16/06/10 17:47:59 INFO cli.CLITestHelper: 9: stat: Test for Namenode's path - statistics about files using globbing
 16/06/10 17:47:59 INFO cli.CLITestHelper: 10: appendToFile
 16/06/10 17:47:59 INFO cli.CLITestHelper: 12: rmdir
 16/06/10 17:47:59 INFO cli.CLITestHelper: 14: df
 16/06/10 17:47:59 INFO cli.CLITestHelper: 15: expunge
 16/06/10 17:47:59 INFO cli.CLITestHelper: 16: getmerge

   Wrap lines [6][ ]
   Generated by [7]Gradle 2.7 at Jun 10, 2016 5:48:45 PM

References

   Visible links
   1. file:///home/vagrant/git/bigtop/bigtop-tests/smoke-tests/hdfs/build/reports/tests/index.html
   2. file:///home/vagrant/git/bigtop/bigtop-tests/smoke-tests/hdfs/build/reports/tests/packages/org.apache.bigtop.itest.hadoop.hdfs.html
   3. file:///home/vagrant/git/bigtop/bigtop-tests/smoke-tests/hdfs/build/reports/tests/classes/org.apache.bigtop.itest.hadoop.hdfs.TestHDFSCLI.html#tab0
   4. file:///home/vagrant/git/bigtop/bigtop-tests/smoke-tests/hdfs/build/reports/tests/classes/org.apache.bigtop.itest.hadoop.hdfs.TestHDFSCLI.html#tab1
   5. file:///home/vagrant/git/bigtop/bigtop-tests/smoke-tests/hdfs/build/reports/tests/classes/org.apache.bigtop.itest.hadoop.hdfs.TestHDFSCLI.html#tab2
   7. http://www.gradle.org/

## bigtop-tests/smoke-tests/hdfs/build/reports/tests/classes/org.apache.bigtop.itest.hadoop.hdfs.TestHDFSQuota.html
            Class org.apache.bigtop.itest.hadoop.hdfs.TestHDFSQuota

   [1]all > [2]org.apache.bigtop.itest.hadoop.hdfs > TestHDFSQuota

   8     1        0       5m32.61s 87%

   tests failures ignored duration successful

     * [3]Failed tests
     * [4]Tests

Failed tests

  testReplicationFactor

 java.lang.AssertionError: Quota not debited correctly
         at org.junit.Assert.fail(Assert.java:88)
         at org.junit.Assert.assertTrue(Assert.java:41)
         at org.junit.Assert$assertTrue.callStatic(Unknown Source)
         at org.codehaus.groovy.runtime.callsite.CallSiteArray.defaultCallStatic(CallSiteArray.java:50)
         at org.codehaus.groovy.runtime.callsite.AbstractCallSite.callStatic(AbstractCallSite.java:157)
         at org.codehaus.groovy.runtime.callsite.AbstractCallSite.callStatic(AbstractCallSite.java:169)
         at org.apache.bigtop.itest.hadoop.hdfs.TestHDFSQuota.testReplicationFactor(TestHDFSQuota.groovy:288)
         at sun.reflect.NativeMethodAccessorImpl.invoke0(Native Method)
         at sun.reflect.NativeMethodAccessorImpl.invoke(NativeMethodAccessorImpl.java:57)
         at sun.reflect.DelegatingMethodAccessorImpl.invoke(DelegatingMethodAccessorImpl.java:43)
         at java.lang.reflect.Method.invoke(Method.java:606)
         at org.junit.runners.model.FrameworkMethod$1.runReflectiveCall(FrameworkMethod.java:47)
         at org.junit.internal.runners.model.ReflectiveCallable.run(ReflectiveCallable.java:12)
         at org.junit.runners.model.FrameworkMethod.invokeExplosively(FrameworkMethod.java:44)
         at org.junit.internal.runners.statements.InvokeMethod.evaluate(InvokeMethod.java:17)
         at org.junit.internal.runners.statements.RunBefores.evaluate(RunBefores.java:26)
         at org.junit.internal.runners.statements.RunAfters.evaluate(RunAfters.java:27)
         at org.junit.runners.ParentRunner.runLeaf(ParentRunner.java:271)
         at org.junit.runners.BlockJUnit4ClassRunner.runChild(BlockJUnit4ClassRunner.java:70)
         at org.junit.runners.BlockJUnit4ClassRunner.runChild(BlockJUnit4ClassRunner.java:50)
         at org.junit.runners.ParentRunner$3.run(ParentRunner.java:238)
         at org.junit.runners.ParentRunner$1.schedule(ParentRunner.java:63)
         at org.junit.runners.ParentRunner.runChildren(ParentRunner.java:236)
         at org.junit.runners.ParentRunner.access$000(ParentRunner.java:53)
         at org.junit.runners.ParentRunner$2.evaluate(ParentRunner.java:229)
         at org.junit.runners.ParentRunner.run(ParentRunner.java:309)
         at org.gradle.api.internal.tasks.testing.junit.JUnitTestClassExecuter.runTestClass(JUnitTestClassExecuter.java:105)
         at org.gradle.api.internal.tasks.testing.junit.JUnitTestClassExecuter.execute(JUnitTestClassExecuter.java:56)
         at org.gradle.api.internal.tasks.testing.junit.JUnitTestClassProcessor.processTestClass(JUnitTestClassProcessor.java:64)
         at org.gradle.api.internal.tasks.testing.SuiteTestClassProcessor.processTestClass(SuiteTestClassProcessor.java:50)
         at sun.reflect.NativeMethodAccessorImpl.invoke0(Native Method)
         at sun.reflect.NativeMethodAccessorImpl.invoke(NativeMethodAccessorImpl.java:57)
         at sun.reflect.DelegatingMethodAccessorImpl.invoke(DelegatingMethodAccessorImpl.java:43)
         at java.lang.reflect.Method.invoke(Method.java:606)
         at org.gradle.messaging.dispatch.ReflectionDispatch.dispatch(ReflectionDispatch.java:35)
         at org.gradle.messaging.dispatch.ReflectionDispatch.dispatch(ReflectionDispatch.java:24)
         at org.gradle.messaging.dispatch.ContextClassLoaderDispatch.dispatch(ContextClassLoaderDispatch.java:32)
         at org.gradle.messaging.dispatch.ProxyDispatchAdapter$DispatchingInvocationHandler.invoke(ProxyDispatchAdapter.java:93)
         at com.sun.proxy.$Proxy2.processTestClass(Unknown Source)
         at org.gradle.api.internal.tasks.testing.worker.TestWorker.processTestClass(TestWorker.java:106)
         at sun.reflect.NativeMethodAccessorImpl.invoke0(Native Method)
         at sun.reflect.NativeMethodAccessorImpl.invoke(NativeMethodAccessorImpl.java:57)
         at sun.reflect.DelegatingMethodAccessorImpl.invoke(DelegatingMethodAccessorImpl.java:43)
         at java.lang.reflect.Method.invoke(Method.java:606)
         at org.gradle.messaging.dispatch.ReflectionDispatch.dispatch(ReflectionDispatch.java:35)
         at org.gradle.messaging.dispatch.ReflectionDispatch.dispatch(ReflectionDispatch.java:24)
         at org.gradle.messaging.remote.internal.hub.MessageHub$Handler.run(MessageHub.java:360)
         at org.gradle.internal.concurrent.ExecutorPolicy$CatchAndRecordFailures.onExecute(ExecutorPolicy.java:54)
         at org.gradle.internal.concurrent.StoppableExecutorImpl$1.run(StoppableExecutorImpl.java:40)
         at java.util.concurrent.ThreadPoolExecutor.runWorker(ThreadPoolExecutor.java:1145)
         at java.util.concurrent.ThreadPoolExecutor$Worker.run(ThreadPoolExecutor.java:615)
         at java.lang.Thread.run(Thread.java:745)

Tests

            Test           Duration Result
   testAdminPermissions    43.826s  passed
   testForceDirEmpty       27.215s  passed
   testInputValues         49.280s  passed
   testNewlyCreatedDir     24.185s  passed
   testQuotasPostViolation 1m0.38s  passed
   testQuotasShouldFail    53.055s  passed
   testRename              32.373s  passed
   testReplicationFactor   42.296s  failed

   Wrap lines [5][ ]
   Generated by [6]Gradle 2.7 at Jun 10, 2016 5:48:45 PM

References

   Visible links
   1. file:///home/vagrant/git/bigtop/bigtop-tests/smoke-tests/hdfs/build/reports/tests/index.html
   2. file:///home/vagrant/git/bigtop/bigtop-tests/smoke-tests/hdfs/build/reports/tests/packages/org.apache.bigtop.itest.hadoop.hdfs.html
   3. file:///home/vagrant/git/bigtop/bigtop-tests/smoke-tests/hdfs/build/reports/tests/classes/org.apache.bigtop.itest.hadoop.hdfs.TestHDFSQuota.html#tab0
   4. file:///home/vagrant/git/bigtop/bigtop-tests/smoke-tests/hdfs/build/reports/tests/classes/org.apache.bigtop.itest.hadoop.hdfs.TestHDFSQuota.html#tab1
   6. http://www.gradle.org/

## bigtop-tests/smoke-tests/hdfs/build/reports/tests/classes/org.apache.bigtop.itest.hadoop.hdfs.TestDFSAdmin.html
             Class org.apache.bigtop.itest.hadoop.hdfs.TestDFSAdmin

   [1]all > [2]org.apache.bigtop.itest.hadoop.hdfs > TestDFSAdmin

   6     0        0       1m18.76s 100%

   tests failures ignored duration successful

     * [3]Tests
     * [4]Standard output

Tests

            Test          Duration Result
   testDFSbasic           9.289s   passed
   testDFSnamespace       11.313s  passed
   testDFSquotas          20.462s  passed
   testDFSrefreshcommands 8.713s   passed
   testDFSsafemode        14.471s  passed
   testDFSstorage         14.511s  passed

Standard output

 -refreshNodes
 -refreshUserToGroupsMappings
 -refreshSuperUserGroupsConfiguration
 -report
 -help
 -printTopology
 -metasave
 -restoreFailedStorage
 -safemode
 -setQuota, -clrQuota
 -setSpaceQuota, -clrSpaceQuota
 -saveNamespace

   Wrap lines [5][ ]
   Generated by [6]Gradle 2.7 at Jun 10, 2016 5:48:45 PM

References

   Visible links
   1. file:///home/vagrant/git/bigtop/bigtop-tests/smoke-tests/hdfs/build/reports/tests/index.html
   2. file:///home/vagrant/git/bigtop/bigtop-tests/smoke-tests/hdfs/build/reports/tests/packages/org.apache.bigtop.itest.hadoop.hdfs.html
   3. file:///home/vagrant/git/bigtop/bigtop-tests/smoke-tests/hdfs/build/reports/tests/classes/org.apache.bigtop.itest.hadoop.hdfs.TestDFSAdmin.html#tab0
   4. file:///home/vagrant/git/bigtop/bigtop-tests/smoke-tests/hdfs/build/reports/tests/classes/org.apache.bigtop.itest.hadoop.hdfs.TestDFSAdmin.html#tab1
   6. http://www.gradle.org/

## bigtop-tests/smoke-tests/hdfs/build/reports/tests/classes/org.apache.bigtop.itest.hadoop.hdfs.TestHDFSBalancer.html
           Class org.apache.bigtop.itest.hadoop.hdfs.TestHDFSBalancer

   [1]all > [2]org.apache.bigtop.itest.hadoop.hdfs > TestHDFSBalancer

   6     0        0       18.002s  100%

   tests failures ignored duration successful

     * [3]Tests
     * [4]Standard output

Tests

                   Test                  Duration Result
   testBalancerWithFloatValue            3.693s   passed
   testBalancerWithInvalidThresholdValue 1.634s   passed
   testBalancerWithMaximumThresholdValue 3.679s   passed
   testBalancerWithMinimumThresholdValue 3.746s   passed
   testBalancerWithProperThresholdValue  3.634s   passed
   testBalancerWithZeroThresholdValue    1.616s   passed

Standard output

 Running Balancer with threshold value:10
 command output is having expected messages
 Running Balancer with threshold value:1000.0
 command output is not having expected messages
 balancer is expected to fail so it got failed
 Running Balancer with threshold value:100.0
 command output is having expected messages
 Running Balancer with threshold value:1.0
 command output is having expected messages
 Running Balancer with threshold value:1.234
 command output is having expected messages
 Running Balancer with threshold value:0.0
 command output is not having expected messages
 balancer is expected to fail so it got failed

   Wrap lines [5][ ]
   Generated by [6]Gradle 2.7 at Jun 10, 2016 5:48:45 PM

References

   Visible links
   1. file:///home/vagrant/git/bigtop/bigtop-tests/smoke-tests/hdfs/build/reports/tests/index.html
   2. file:///home/vagrant/git/bigtop/bigtop-tests/smoke-tests/hdfs/build/reports/tests/packages/org.apache.bigtop.itest.hadoop.hdfs.html
   3. file:///home/vagrant/git/bigtop/bigtop-tests/smoke-tests/hdfs/build/reports/tests/classes/org.apache.bigtop.itest.hadoop.hdfs.TestHDFSBalancer.html#tab0
   4. file:///home/vagrant/git/bigtop/bigtop-tests/smoke-tests/hdfs/build/reports/tests/classes/org.apache.bigtop.itest.hadoop.hdfs.TestHDFSBalancer.html#tab1
   6. http://www.gradle.org/

## bigtop-tests/smoke-tests/hdfs/build/reports/tests/classes/org.apache.bigtop.itest.hadoop.hdfs.TestBlockRecovery.html
          Class org.apache.bigtop.itest.hadoop.hdfs.TestBlockRecovery

   [1]all > [2]org.apache.bigtop.itest.hadoop.hdfs > TestBlockRecovery

   1     0        1       2.955s   -

   tests failures ignored duration successful

     * [3]Tests
     * [4]Standard error

Tests

         Test        Duration Result
   testBlockRecovery -        ignored

Standard error

 16/06/10 17:48:42 INFO Configuration.deprecation: dfs.data.dir is deprecated. Instead, use dfs.datanode.data.dir

   Wrap lines [5][ ]
   Generated by [6]Gradle 2.7 at Jun 10, 2016 5:48:45 PM

References

   Visible links
   1. file:///home/vagrant/git/bigtop/bigtop-tests/smoke-tests/hdfs/build/reports/tests/index.html
   2. file:///home/vagrant/git/bigtop/bigtop-tests/smoke-tests/hdfs/build/reports/tests/packages/org.apache.bigtop.itest.hadoop.hdfs.html
   3. file:///home/vagrant/git/bigtop/bigtop-tests/smoke-tests/hdfs/build/reports/tests/classes/org.apache.bigtop.itest.hadoop.hdfs.TestBlockRecovery.html#tab0
   4. file:///home/vagrant/git/bigtop/bigtop-tests/smoke-tests/hdfs/build/reports/tests/classes/org.apache.bigtop.itest.hadoop.hdfs.TestBlockRecovery.html#tab1
   6. http://www.gradle.org/

## bigtop-tests/smoke-tests/hdfs/build/reports/tests/classes/org.apache.bigtop.itest.hadoop.hdfs.TestTextSnappy.html
            Class org.apache.bigtop.itest.hadoop.hdfs.TestTextSnappy

   [1]all > [2]org.apache.bigtop.itest.hadoop.hdfs > TestTextSnappy

   1     0        0       3.418s   100%

   tests failures ignored duration successful

     * [3]Tests
     * [4]Standard output

Tests

        Test      Duration Result
   testTextSnappy 3.418s   passed

Standard output

 hadoop fs -text testtextsnappy.1465580860341/part-00001.snappy
 Expected output:
 1       rafferty        31
 2       jones   33
 3       steinberg       33
 Actual output:
 1       rafferty        31
 2       jones   33
 3       steinberg       33

   Wrap lines [5][ ]
   Generated by [6]Gradle 2.7 at Jun 10, 2016 5:48:45 PM

References

   Visible links
   1. file:///home/vagrant/git/bigtop/bigtop-tests/smoke-tests/hdfs/build/reports/tests/index.html
   2. file:///home/vagrant/git/bigtop/bigtop-tests/smoke-tests/hdfs/build/reports/tests/packages/org.apache.bigtop.itest.hadoop.hdfs.html
   3. file:///home/vagrant/git/bigtop/bigtop-tests/smoke-tests/hdfs/build/reports/tests/classes/org.apache.bigtop.itest.hadoop.hdfs.TestTextSnappy.html#tab0
   4. file:///home/vagrant/git/bigtop/bigtop-tests/smoke-tests/hdfs/build/reports/tests/classes/org.apache.bigtop.itest.hadoop.hdfs.TestTextSnappy.html#tab1
   6. http://www.gradle.org/

~/git/bigtop
/home/vagrant/git/bigtop/bigtop-tests/spec-tests/runtime/build
## bigtop-tests/spec-tests/runtime/build/reports/tests/classes/org.odpi.specs.runtime.TestSpecsRuntime.html
                 Class org.odpi.specs.runtime.TestSpecsRuntime

   [1]all > [2]org.odpi.specs.runtime > TestSpecsRuntime

   39    0        0       6.654s   100%

   tests failures ignored duration successful

     * [3]Tests
     * [4]Standard error

Tests

                 Test                Duration Result
   testAll[HADOOP_BINCONTENT_COMMON] 0.046s   passed
   testAll[HADOOP_BINCONTENT_HDFS]   0.033s   passed
   testAll[HADOOP_BINCONTENT_MAPRED] 0.009s   passed
   testAll[HADOOP_BINCONTENT_YARN]   0.034s   passed
   testAll[HADOOP_CNATIVE1]          0.766s   passed
   testAll[HADOOP_CNATIVE2]          0.738s   passed
   testAll[HADOOP_COMPRESSION]       0.816s   passed
   testAll[HADOOP_DIRSTRUCT_COMMON]  0.251s   passed
   testAll[HADOOP_DIRSTRUCT_HDFS]    0.048s   passed
   testAll[HADOOP_DIRSTRUCT_MAPRED]  0.048s   passed
   testAll[HADOOP_DIRSTRUCT_YARN]    0.049s   passed
   testAll[HADOOP_EC1]               0.183s   passed
   testAll[HADOOP_EC2]               0.017s   passed
   testAll[HADOOP_EC3]               0.018s   passed
   testAll[HADOOP_EC4]               0.018s   passed
   testAll[HADOOP_EC5]               0.001s   passed
   testAll[HADOOP_EH1]               0.021s   passed
   testAll[HADOOP_EH2]               0.021s   passed
   testAll[HADOOP_EH3]               0.018s   passed
   testAll[HADOOP_EJH1]              0.027s   passed
   testAll[HADOOP_EJH2_HADOOP]       0.004s   passed
   testAll[HADOOP_EJH2_YARN]         0.002s   passed
   testAll[HADOOP_EM1]               0.001s   passed
   testAll[HADOOP_EM2]               0.021s   passed
   testAll[HADOOP_EM3]               0.024s   passed
   testAll[HADOOP_EY1]               0.022s   passed
   testAll[HADOOP_EY2]               0.022s   passed
   testAll[HADOOP_EY3]               0.030s   passed
   testAll[HADOOP_GETCONF]           1.918s   passed
   testAll[HADOOP_HNATIVE1]          0.020s   passed
   testAll[HADOOP_JARCONTENT_COMMON] 0.067s   passed
   testAll[HADOOP_JARCONTENT_HDFS]   0.034s   passed
   testAll[HADOOP_JARCONTENT_MAPRED] 0.009s   passed
   testAll[HADOOP_JARCONTENT_YARN]   0.034s   passed
   testAll[HADOOP_MNATIVE1]          0.755s   passed
   testAll[HADOOP_PLATVER]           0.415s   passed
   testAll[HADOOP_SUBPROJS]          0.041s   passed
   testAll[HADOOP_TOOLS]             0.049s   passed
   testAll[HADOOP_YNATIVE1]          0.024s   passed

Standard error

 log4j:ERROR Could not instantiate class [org.apache.hadoop.log.metrics.EventCounter].
 java.lang.ClassNotFoundException: org.apache.hadoop.log.metrics.EventCounter
         at java.net.URLClassLoader$1.run(URLClassLoader.java:366)
         at java.net.URLClassLoader$1.run(URLClassLoader.java:355)
         at java.security.AccessController.doPrivileged(Native Method)
         at java.net.URLClassLoader.findClass(URLClassLoader.java:354)
         at java.lang.ClassLoader.loadClass(ClassLoader.java:425)
         at sun.misc.Launcher$AppClassLoader.loadClass(Launcher.java:308)
         at java.lang.ClassLoader.loadClass(ClassLoader.java:358)
         at java.lang.Class.forName0(Native Method)
         at java.lang.Class.forName(Class.java:195)
         at org.apache.log4j.helpers.Loader.loadClass(Loader.java:198)
         at org.apache.log4j.helpers.OptionConverter.instantiateByClassName(OptionConverter.java:327)
         at org.apache.log4j.helpers.OptionConverter.instantiateByKey(OptionConverter.java:124)
         at org.apache.log4j.PropertyConfigurator.parseAppender(PropertyConfigurator.java:785)
         at org.apache.log4j.PropertyConfigurator.parseCategory(PropertyConfigurator.java:768)
         at org.apache.log4j.PropertyConfigurator.configureRootCategory(PropertyConfigurator.java:648)
         at org.apache.log4j.PropertyConfigurator.doConfigure(PropertyConfigurator.java:514)
         at org.apache.log4j.PropertyConfigurator.doConfigure(PropertyConfigurator.java:580)
         at org.apache.log4j.helpers.OptionConverter.selectAndConfigure(OptionConverter.java:526)
         at org.apache.log4j.LogManager.<clinit>(LogManager.java:127)
         at org.apache.log4j.Logger.getLogger(Logger.java:104)
         at org.apache.commons.logging.impl.Log4JLogger.getLogger(Log4JLogger.java:283)
         at org.apache.commons.logging.impl.Log4JLogger.<init>(Log4JLogger.java:108)
         at sun.reflect.NativeConstructorAccessorImpl.newInstance0(Native Method)
         at sun.reflect.NativeConstructorAccessorImpl.newInstance(NativeConstructorAccessorImpl.java:57)
         at sun.reflect.DelegatingConstructorAccessorImpl.newInstance(DelegatingConstructorAccessorImpl.java:45)
         at java.lang.reflect.Constructor.newInstance(Constructor.java:526)
         at org.apache.commons.logging.impl.LogFactoryImpl.createLogFromClass(LogFactoryImpl.java:1040)
         at org.apache.commons.logging.impl.LogFactoryImpl.discoverLogImplementation(LogFactoryImpl.java:782)
         at org.apache.commons.logging.impl.LogFactoryImpl.newInstance(LogFactoryImpl.java:601)
         at org.apache.commons.logging.impl.LogFactoryImpl.getInstance(LogFactoryImpl.java:333)
         at org.apache.commons.logging.impl.LogFactoryImpl.getInstance(LogFactoryImpl.java:307)
         at org.apache.commons.logging.LogFactory.getLog(LogFactory.java:645)
         at org.apache.commons.logging.LogFactory$getLog.call(Unknown Source)
         at org.codehaus.groovy.runtime.callsite.CallSiteArray.defaultCall(CallSiteArray.java:42)
         at org.codehaus.groovy.runtime.callsite.AbstractCallSite.call(AbstractCallSite.java:108)
         at org.codehaus.groovy.runtime.callsite.AbstractCallSite.call(AbstractCallSite.java:116)
         at org.apache.bigtop.itest.shell.Shell.<clinit>(Shell.groovy:25)
         at java.lang.Class.forName0(Native Method)
         at java.lang.Class.forName(Class.java:195)
         at org.odpi.specs.runtime.TestSpecsRuntime.class$(TestSpecsRuntime.groovy)
         at org.odpi.specs.runtime.TestSpecsRuntime.$get$$class$org$apache$bigtop$itest$shell$Shell(TestSpecsRuntime.groovy)
         at org.odpi.specs.runtime.TestSpecsRuntime.getEnvMap(TestSpecsRuntime.groovy:70)
         at org.odpi.specs.runtime.TestSpecsRuntime.getEnv(TestSpecsRuntime.groovy:86)
         at org.odpi.specs.runtime.TestSpecsRuntime.this$2$getEnv(TestSpecsRuntime.groovy)
         at org.odpi.specs.runtime.TestSpecsRuntime$this$2$getEnv.callCurrent(Unknown Source)
         at org.odpi.specs.runtime.TestSpecsRuntime.testAll(TestSpecsRuntime.groovy:106)
         at sun.reflect.NativeMethodAccessorImpl.invoke0(Native Method)
         at sun.reflect.NativeMethodAccessorImpl.invoke(NativeMethodAccessorImpl.java:57)
         at sun.reflect.DelegatingMethodAccessorImpl.invoke(DelegatingMethodAccessorImpl.java:43)
         at java.lang.reflect.Method.invoke(Method.java:606)
         at org.junit.runners.model.FrameworkMethod$1.runReflectiveCall(FrameworkMethod.java:47)
         at org.junit.internal.runners.model.ReflectiveCallable.run(ReflectiveCallable.java:12)
         at org.junit.runners.model.FrameworkMethod.invokeExplosively(FrameworkMethod.java:44)
         at org.junit.internal.runners.statements.InvokeMethod.evaluate(InvokeMethod.java:17)
         at org.junit.runners.ParentRunner.runLeaf(ParentRunner.java:271)
         at org.junit.runners.BlockJUnit4ClassRunner.runChild(BlockJUnit4ClassRunner.java:70)
         at org.junit.runners.BlockJUnit4ClassRunner.runChild(BlockJUnit4ClassRunner.java:50)
         at org.junit.runners.ParentRunner$3.run(ParentRunner.java:238)
         at org.junit.runners.ParentRunner$1.schedule(ParentRunner.java:63)
         at org.junit.runners.ParentRunner.runChildren(ParentRunner.java:236)
         at org.junit.runners.ParentRunner.access$000(ParentRunner.java:53)
         at org.junit.runners.ParentRunner$2.evaluate(ParentRunner.java:229)
         at org.junit.runners.ParentRunner.run(ParentRunner.java:309)
         at org.junit.runners.Suite.runChild(Suite.java:127)
         at org.junit.runners.Suite.runChild(Suite.java:26)
         at org.junit.runners.ParentRunner$3.run(ParentRunner.java:238)
         at org.junit.runners.ParentRunner$1.schedule(ParentRunner.java:63)
         at org.junit.runners.ParentRunner.runChildren(ParentRunner.java:236)
         at org.junit.runners.ParentRunner.access$000(ParentRunner.java:53)
         at org.junit.runners.ParentRunner$2.evaluate(ParentRunner.java:229)
         at org.junit.runners.ParentRunner.run(ParentRunner.java:309)
         at org.gradle.api.internal.tasks.testing.junit.JUnitTestClassExecuter.runTestClass(JUnitTestClassExecuter.java:105)
         at org.gradle.api.internal.tasks.testing.junit.JUnitTestClassExecuter.execute(JUnitTestClassExecuter.java:56)
         at org.gradle.api.internal.tasks.testing.junit.JUnitTestClassProcessor.processTestClass(JUnitTestClassProcessor.java:64)
         at org.gradle.api.internal.tasks.testing.SuiteTestClassProcessor.processTestClass(SuiteTestClassProcessor.java:50)
         at sun.reflect.NativeMethodAccessorImpl.invoke0(Native Method)
         at sun.reflect.NativeMethodAccessorImpl.invoke(NativeMethodAccessorImpl.java:57)
         at sun.reflect.DelegatingMethodAccessorImpl.invoke(DelegatingMethodAccessorImpl.java:43)
         at java.lang.reflect.Method.invoke(Method.java:606)
         at org.gradle.messaging.dispatch.ReflectionDispatch.dispatch(ReflectionDispatch.java:35)
         at org.gradle.messaging.dispatch.ReflectionDispatch.dispatch(ReflectionDispatch.java:24)
         at org.gradle.messaging.dispatch.ContextClassLoaderDispatch.dispatch(ContextClassLoaderDispatch.java:32)
         at org.gradle.messaging.dispatch.ProxyDispatchAdapter$DispatchingInvocationHandler.invoke(ProxyDispatchAdapter.java:93)
         at com.sun.proxy.$Proxy2.processTestClass(Unknown Source)
         at org.gradle.api.internal.tasks.testing.worker.TestWorker.processTestClass(TestWorker.java:106)
         at sun.reflect.NativeMethodAccessorImpl.invoke0(Native Method)
         at sun.reflect.NativeMethodAccessorImpl.invoke(NativeMethodAccessorImpl.java:57)
         at sun.reflect.DelegatingMethodAccessorImpl.invoke(DelegatingMethodAccessorImpl.java:43)
         at java.lang.reflect.Method.invoke(Method.java:606)
         at org.gradle.messaging.dispatch.ReflectionDispatch.dispatch(ReflectionDispatch.java:35)
         at org.gradle.messaging.dispatch.ReflectionDispatch.dispatch(ReflectionDispatch.java:24)
         at org.gradle.messaging.remote.internal.hub.MessageHub$Handler.run(MessageHub.java:360)
         at org.gradle.internal.concurrent.ExecutorPolicy$CatchAndRecordFailures.onExecute(ExecutorPolicy.java:54)
         at org.gradle.internal.concurrent.StoppableExecutorImpl$1.run(StoppableExecutorImpl.java:40)
         at java.util.concurrent.ThreadPoolExecutor.runWorker(ThreadPoolExecutor.java:1145)
         at java.util.concurrent.ThreadPoolExecutor$Worker.run(ThreadPoolExecutor.java:615)
         at java.lang.Thread.run(Thread.java:745)
 log4j:ERROR Could not instantiate appender named "EventCounter".

   Wrap lines [5][ ]
   Generated by [6]Gradle 2.7 at Jun 10, 2016 5:54:56 PM

References

   Visible links
   1. file:///home/vagrant/git/bigtop/bigtop-tests/spec-tests/runtime/build/reports/tests/index.html
   2. file:///home/vagrant/git/bigtop/bigtop-tests/spec-tests/runtime/build/reports/tests/packages/org.odpi.specs.runtime.html
   3. file:///home/vagrant/git/bigtop/bigtop-tests/spec-tests/runtime/build/reports/tests/classes/org.odpi.specs.runtime.TestSpecsRuntime.html#tab0
   4. file:///home/vagrant/git/bigtop/bigtop-tests/spec-tests/runtime/build/reports/tests/classes/org.odpi.specs.runtime.TestSpecsRuntime.html#tab1
   6. http://www.gradle.org/

